
> maliyo-app@0.1.0 build
> prisma generate && next build

Environment variables loaded from .env
Prisma schema loaded from prisma\schema.prisma

✔ Generated Prisma Client (v5.21.1) to .\node_modules\@prisma\client in 90ms

Start by importing your Prisma Client (See: http://pris.ly/d/importing-client)

Tip: Want to turn off tips and other hints? https://pris.ly/tip-4-nohints

⚠ `eslint` configuration in next.config.ts is no longer supported. See more info here: https://nextjs.org/docs/app/api-reference/cli/next#next-lint-options
⚠ Invalid next.config.ts options detected: 
⚠     Unrecognized key(s) in object: 'eslint'
⚠ See more info here: https://nextjs.org/docs/messages/invalid-next-config
▲ Next.js 16.1.1 (Turbopack)
- Environments: .env.production.local, .env.local, .env

⚠ The "middleware" file convention is deprecated. Please use "proxy" instead. Learn more: https://nextjs.org/docs/messages/middleware-to-proxy
  Creating an optimized production build ...
✓ Compiled successfully in 9.3s
  Skipping validation of types
  Collecting page data using 11 workers ...
  Generating static pages using 11 workers (0/30) ...
  Generating static pages using 11 workers (7/30) 
  Generating static pages using 11 workers (14/30) 
  Generating static pages using 11 workers (22/30) 
✓ Generating static pages using 11 workers (30/30) in 519.4ms
  Finalizing page optimization ...

Route (app)
┌ ○ /
├ ○ /_not-found
├ ƒ /api/auth/forgot-password
├ ƒ /api/auth/login
├ ƒ /api/auth/logout
├ ƒ /api/auth/me
├ ƒ /api/auth/register
├ ƒ /api/auth/reset-password
├ ƒ /api/auth/send-otp
├ ƒ /api/auth/session
├ ƒ /api/auth/verify-otp
├ ƒ /api/dashboard
├ ƒ /api/expenses
├ ƒ /api/expenses/[id]
├ ƒ /api/family/members
├ ƒ /api/health
├ ƒ /api/income
├ ƒ /api/income/[id]
├ ƒ /api/loans
├ ƒ /api/loans/[id]
├ ƒ /api/loans/[id]/payments
├ ƒ /api/payments
├ ƒ /api/payments/[id]
├ ƒ /api/payments/[id]/pay
├ ƒ /api/user/profile
├ ○ /auth/forgot-password
├ ○ /auth/login
├ ○ /auth/register
├ ○ /expenses
├ ○ /family
├ ○ /income
├ ○ /loans
├ ○ /payments
└ ○ /settings


ƒ Proxy (Middleware)

○  (Static)   prerendered as static content
ƒ  (Dynamic)  server-rendered on demand

